1599325168079	geckodriver	INFO	Listening on 127.0.0.1:38945
1599325168428	mozrunner::runner	INFO	Running command: "/usr/bin/firefox" "--marionette" "-headless" "-foreground" "-no-remote" "-profile" "/tmp/rust_mozprofileAZAlvj"
*** You are running in headless mode.
1599325202640	Marionette	INFO	Listening on port 15093
1599325202719	Marionette	WARN	TLS certificate errors will be ignored for this session

(/usr/lib/firefox/firefox:29033): dconf-WARNING **: Unable to open /var/lib/snapd/desktop/dconf/profile/user: Permission denied
1599325460981	geckodriver	INFO	Listening on 127.0.0.1:9975
1599325461030	mozrunner::runner	INFO	Running command: "/usr/bin/firefox" "--marionette" "-headless" "-foreground" "-no-remote" "-profile" "/tmp/rust_mozprofileBrh3l6"
*** You are running in headless mode.
1599325465968	Marionette	INFO	Listening on port 25243
1599325466041	Marionette	WARN	TLS certificate errors will be ignored for this session
1599326070884	geckodriver	INFO	Listening on 127.0.0.1:58533
1599326071051	mozrunner::runner	INFO	Running command: "/usr/bin/firefox" "--marionette" "-headless" "-foreground" "-no-remote" "-profile" "/tmp/rust_mozprofilewYQcf5"
*** You are running in headless mode.
1599326075982	Marionette	INFO	Listening on port 20715
1599326076068	Marionette	WARN	TLS certificate errors will be ignored for this session
1599326323944	geckodriver	INFO	Listening on 127.0.0.1:35237
1599326323966	mozrunner::runner	INFO	Running command: "/usr/bin/firefox" "--marionette" "-headless" "-foreground" "-no-remote" "-profile" "/tmp/rust_mozprofilenAnjIi"
*** You are running in headless mode.
1599326327880	Marionette	INFO	Listening on port 35223
1599326327977	Marionette	WARN	TLS certificate errors will be ignored for this session
1599770402896	geckodriver	INFO	Listening on 127.0.0.1:36903
1599770402930	mozrunner::runner	INFO	Running command: "/usr/bin/firefox" "--marionette" "-headless" "-foreground" "-no-remote" "-profile" "/tmp/rust_mozprofile2qJoEF"
*** You are running in headless mode.
1599770409898	Marionette	INFO	Listening on port 24389
1599770409947	Marionette	WARN	TLS certificate errors will be ignored for this session
[Child 3437, Chrome_ChildThread] WARNING: pipe error (30): Connection reset by peer: file /build/firefox-x_t4I3/firefox-61.0.1+build1/ipc/chromium/src/chrome/common/ipc_channel_posix.cc, line 353
